<?xml version="1.0" encoding="UTF-8"?>
<testng-results skipped="0" failed="1" ignored="0" total="1" passed="0">
  <reporter-output>
  </reporter-output>
  <suite name="SmokeTest" duration-ms="16827" started-at="2018-03-13T00:19:06Z" finished-at="2018-03-13T00:19:22Z">
    <groups>
      <group name="cucumber">
        <method signature="AbstractTestNGCucumberTests.feature(cucumber.api.testng.CucumberFeatureWrapper)[pri:0, instance:testngrunner.TestNGRunner@5e3a8624]" name="feature" class="cucumber.api.testng.AbstractTestNGCucumberTests"/>
      </group> <!-- cucumber -->
    </groups>
    <test name="Sprint1" duration-ms="16827" started-at="2018-03-13T00:19:06Z" finished-at="2018-03-13T00:19:22Z">
      <class name="testngrunner.TestNGRunner">
        <test-method status="PASS" signature="setUpClass()[pri:0, instance:testngrunner.TestNGRunner@5e3a8624]" name="setUpClass" is-config="true" duration-ms="706" started-at="2018-03-12T20:19:06Z" finished-at="2018-03-12T20:19:06Z">
          <reporter-output>
          </reporter-output>
        </test-method> <!-- setUpClass -->
        <test-method status="FAIL" signature="feature(cucumber.api.testng.CucumberFeatureWrapper)[pri:0, instance:testngrunner.TestNGRunner@5e3a8624]" name="feature" duration-ms="15847" started-at="2018-03-12T20:19:07Z" description="Runs Cucumber Feature" data-provider="features" finished-at="2018-03-12T20:19:22Z">
          <params>
            <param index="0">
              <value>
                <![CDATA[Email will be delivered to the AgileTrailblazers management team]]>
              </value>
            </param>
          </params>
          <exception class="cucumber.runtime.CucumberException">
            <message>
              <![CDATA[java.lang.NullPointerException]]>
            </message>
            <full-stacktrace>
              <![CDATA[cucumber.runtime.CucumberException: java.lang.NullPointerExceptionat cucumber.api.testng.TestNGCucumberRunner.runCucumber(TestNGCucumberRunner.java:69)at cucumber.api.testng.AbstractTestNGCucumberTests.feature(AbstractTestNGCucumberTests.java:21)at sun.reflect.NativeMethodAccessorImpl.invoke0(Native Method)at sun.reflect.NativeMethodAccessorImpl.invoke(NativeMethodAccessorImpl.java:62)at sun.reflect.DelegatingMethodAccessorImpl.invoke(DelegatingMethodAccessorImpl.java:43)at java.lang.reflect.Method.invoke(Method.java:498)at org.testng.internal.MethodInvocationHelper.invokeMethod(MethodInvocationHelper.java:124)at org.testng.internal.Invoker.invokeMethod(Invoker.java:571)at org.testng.internal.Invoker.invokeTestMethod(Invoker.java:707)at org.testng.internal.Invoker.invokeTestMethods(Invoker.java:979)at org.testng.internal.TestMethodWorker.invokeTestMethods(TestMethodWorker.java:125)at org.testng.internal.TestMethodWorker.run(TestMethodWorker.java:109)at org.testng.TestRunner.privateRun(TestRunner.java:648)at org.testng.TestRunner.run(TestRunner.java:505)at org.testng.SuiteRunner.runTest(SuiteRunner.java:455)at org.testng.SuiteRunner.runSequentially(SuiteRunner.java:450)at org.testng.SuiteRunner.privateRun(SuiteRunner.java:415)at org.testng.SuiteRunner.run(SuiteRunner.java:364)at org.testng.SuiteRunnerWorker.runSuite(SuiteRunnerWorker.java:52)at org.testng.SuiteRunnerWorker.run(SuiteRunnerWorker.java:84)at org.testng.TestNG.runSuitesSequentially(TestNG.java:1187)at org.testng.TestNG.runSuitesLocally(TestNG.java:1116)at org.testng.TestNG.runSuites(TestNG.java:1028)at org.testng.TestNG.run(TestNG.java:996)at org.testng.remote.AbstractRemoteTestNG.run(AbstractRemoteTestNG.java:114)at org.testng.remote.RemoteTestNG.initAndRun(RemoteTestNG.java:251)at org.testng.remote.RemoteTestNG.main(RemoteTestNG.java:77)Caused by: java.lang.NullPointerExceptionat org.openqa.selenium.support.pagefactory.DefaultElementLocator.findElement(DefaultElementLocator.java:69)at org.openqa.selenium.support.pagefactory.internal.LocatingElementHandler.invoke(LocatingElementHandler.java:38)at com.sun.proxy.$Proxy18.sendKeys(Unknown Source)at stefdefination.StepDef.user_enter_name(StepDef.java:29)at ✽.When User enter name "Atique"(Test.feature:8)]]>
            </full-stacktrace>
          </exception> <!-- cucumber.runtime.CucumberException -->
          <reporter-output>
          </reporter-output>
        </test-method> <!-- feature -->
        <test-method status="PASS" signature="tearDownClass()[pri:0, instance:testngrunner.TestNGRunner@5e3a8624]" name="tearDownClass" is-config="true" duration-ms="7" started-at="2018-03-12T20:19:22Z" finished-at="2018-03-12T20:19:22Z">
          <reporter-output>
          </reporter-output>
        </test-method> <!-- tearDownClass -->
      </class> <!-- testngrunner.TestNGRunner -->
    </test> <!-- Sprint1 -->
  </suite> <!-- SmokeTest -->
</testng-results>
